#
# A fatal error has been detected by the Java Runtime Environment:
#
#  EXCEPTION_ACCESS_VIOLATION (0xc0000005) at pc=0x00007ffd25088c13, pid=5852, tid=13944
#
# JRE version:  (11.0.20+8) (build )
# Java VM: OpenJDK 64-Bit Server VM (11.0.20+8-LTS, mixed mode, sharing, tiered, compressed oops, g1 gc, windows-amd64)
# Problematic frame:
# V  [jvm.dll+0x1d8c13]
#
# No core dump will be written. Minidumps are not enabled by default on client versions of Windows
#
#

---------------  S U M M A R Y ------------

Command Line: -Xmx64m -Xms64m -Dorg.gradle.appname=gradlew org.gradle.wrapper.GradleWrapperMain tasks

Host: 11th Gen Intel(R) Core(TM) i5-1155G7 @ 2.50GHz, 8 cores, 7G,  Windows 11 , 64 bit Build 22621 (10.0.22621.2215)
Time: Fri Sep 15 15:10:57 2023 India Standard Time elapsed time: 0.014529 seconds (0d 0h 0m 0s)

---------------  T H R E A D  ---------------

Current thread (0x000002f7d586b000):  JavaThread "Unknown thread" [_thread_in_vm, id=13944, stack(0x000000fe17200000,0x000000fe17300000)]

Stack: [0x000000fe17200000,0x000000fe17300000],  sp=0x000000fe172fe950,  free space=1018k
Native frames: (J=compiled Java code, j=interpreted, Vv=VM code, C=native code)
V  [jvm.dll+0x1d8c13]
V  [jvm.dll+0x1d6d63]
V  [jvm.dll+0x36585b]
V  [jvm.dll+0x779130]
V  [jvm.dll+0x3d4c1f]
V  [jvm.dll+0x3d6fb1]
C  [jli.dll+0x5227]
C  [ucrtbase.dll+0x29363]
C  [KERNEL32.DLL+0x1257d]
C  [ntdll.dll+0x5aa68]


siginfo: EXCEPTION_ACCESS_VIOLATION (0xc0000005), reading address 0x0000000000000000


Registers:
RAX=0x0000297ab3c4834a, RBX=0x0000000000000000, RCX=0x0000000000000000, RDX=0x0000000000000000
RSP=0x000000fe172fe950, RBP=0x0000000000000000, RSI=0x000002f7d586b000, RDI=0x0000000000000000
R8 =0x0000000000000000, R9 =0x0000000000000000, R10=0x0000000000000000, R11=0x000000fe172fe710
R12=0x0000000000000000, R13=0x00007ffd254885c0, R14=0x000002f7d3736278, R15=0x000000fe172ff698
RIP=0x00007ffd25088c13, EFLAGS=0x0000000000010256

Top of Stack: (sp=0x000000fe172fe950)
0x000000fe172fe950:   000002f7d373e0d0 00007ffd25183258
0x000000fe172fe960:   000000fe172ff698 0000000000000400
0x000000fe172fe970:   0000000000000000 000002f7d586b000
0x000000fe172fe980:   00006fe4a6bf6cb1 00007ffd254885c0
0x000000fe172fe990:   000000fe172fea70 000002f7d3736278
0x000000fe172fe9a0:   00007ffd254885c0 0000000000000000
0x000000fe172fe9b0:   000000fe172ff698 0000000000000000
0x000000fe172fe9c0:   00007ffd9b410000 00007ffd2575a3d8
0x000000fe172fe9d0:   00007ffd25086c0a 00007ffdae20197c
0x000000fe172fe9e0:   000000fe172fea70 0000000000000001
0x000000fe172fe9f0:   0000297ab3c4834a 000002f7d3736278
0x000000fe172fea00:   00007ffd00000000 00007ffd254885c0
0x000000fe172fea10:   000002f7d586b000 000000fe172feb30
0x000000fe172fea20:   0000000000000000 00007ffd25086d63
0x000000fe172fea30:   00007ffd9b3f0000 00007ffd9b41d0e0
0x000000fe172fea40:   000000fe172feb30 000002f7d586b000 

Instructions: (pc=0x00007ffd25088c13)
0x00007ffd25088b13:   f0 ff 15 86 9d 61 00 48 8b cb 41 b1 01 48 2b 8c
0x00007ffd25088b23:   24 90 00 00 00 45 33 c0 33 d2 c6 04 31 00 48 8b
0x00007ffd25088b33:   ce e8 b7 0b 00 00 42 80 3c 33 3b 4a 8d 3c 33 75
0x00007ffd25088b43:   1c 0f 1f 40 00 0f 1f 84 00 00 00 00 00 48 ff c3
0x00007ffd25088b53:   ff c5 42 80 3c 33 3b 4a 8d 3c 33 74 f0 49 83 3c
0x00007ffd25088b63:   24 00 74 18 48 8b 94 24 98 00 00 00 49 8b cf e8
0x00007ffd25088b73:   19 a3 ee ff 49 8b cc e8 81 a2 ee ff 48 8b 44 24
0x00007ffd25088b83:   20 48 8d 4c 24 30 49 89 47 18 48 8b 44 24 28 49
0x00007ffd25088b93:   89 47 20 4d 89 67 10 e8 f1 b0 0f 00 44 8b ed 48
0x00007ffd25088ba3:   89 9c 24 90 00 00 00 48 3b 5c 24 38 0f 8c cd fe
0x00007ffd25088bb3:   ff ff 4c 8b 7c 24 40 4c 8b 64 24 48 48 8b 7c 24
0x00007ffd25088bc3:   50 48 8b 74 24 58 48 8b 9c 24 80 00 00 00 48 83
0x00007ffd25088bd3:   c4 60 41 5e 41 5d 5d c3 cc cc cc cc cc 40 53 55
0x00007ffd25088be3:   56 41 55 48 81 ec b8 00 00 00 48 8b 05 14 25 8b
0x00007ffd25088bf3:   00 48 33 c4 48 89 84 24 a0 00 00 00 48 8b e9 48
0x00007ffd25088c03:   c7 c3 ff ff ff ff 0f 1f 80 00 00 00 00 48 ff c3
0x00007ffd25088c13:   80 3c 0b 00 75 f7 33 f6 c6 44 24 30 01 40 38 35
0x00007ffd25088c23:   15 58 8e 00 74 17 40 38 35 81 bd 8d 00 75 0e 33
0x00007ffd25088c33:   d2 48 8d 0d c5 15 6d 00 e8 90 93 1a 00 45 33 ed
0x00007ffd25088c43:   85 db 0f 8e 11 02 00 00 48 89 bc 24 e8 00 00 00
0x00007ffd25088c53:   48 8b fd 4c 89 a4 24 f0 00 00 00 48 63 c3 33 db
0x00007ffd25088c63:   4c 89 b4 24 f8 00 00 00 4c 89 bc 24 b0 00 00 00
0x00007ffd25088c73:   48 89 44 24 68 48 89 74 24 40 0f 1f 00 0f b6 07
0x00007ffd25088c83:   84 c0 74 12 3c 3b 74 0e 0f b6 44 2b 01 48 ff c3
0x00007ffd25088c93:   ff c6 84 c0 75 ee 48 8d 54 24 38 48 c7 44 24 38
0x00007ffd25088ca3:   00 00 00 00 48 8d 4c 24 60 e8 5f af 0f 00 48 8b
0x00007ffd25088cb3:   44 24 38 33 d2 4c 8b b0 78 02 00 00 49 8b 46 18
0x00007ffd25088cc3:   4d 8b 66 10 48 89 44 24 50 49 8b 46 20 48 89 44
0x00007ffd25088cd3:   24 58 49 8b 46 28 48 89 44 24 48 8b c6 41 2b c5
0x00007ffd25088ce3:   48 63 f8 48 8d 4f 01 e8 71 40 4b 00 49 63 d5 4c
0x00007ffd25088cf3:   8b c7 48 03 d5 48 8b c8 4c 8b f8 ff 15 9c 9b 61
0x00007ffd25088d03:   00 48 8b cb 48 2b 4c 24 40 80 7c 24 30 00 42 c6 



---------------  P R O C E S S  ---------------

Threads class SMR info:
_java_thread_list=0x000002f7d37362c0, length=0, elements={
}

Java Threads: ( => current thread )

Other Threads:

=>0x000002f7d586b000 (exited) JavaThread "Unknown thread" [_thread_in_vm, id=13944, stack(0x000000fe17200000,0x000000fe17300000)]

Threads with active compile tasks:

VM state:not at safepoint (not fully initialized)

VM Mutex/Monitor currently owned by a thread: None


[error occurred during error reporting (printing compressed oops mode), id 0xc0000005, EXCEPTION_ACCESS_VIOLATION (0xc0000005) at pc=0x00007ffd256470c7]

Deoptimization events (0 events):
No events

Classes redefined (0 events):
No events

Internal exceptions (0 events):
No events

Events (1 events):
Event: 0.007 Loaded shared library C:\Program Files\Microsoft\jdk-11.0.20.8-hotspot\bin\zip.dll


Dynamic libraries:
0x00007ff6fb8a0000 - 0x00007ff6fb8ad000 	C:\Program Files\Microsoft\jdk-11.0.20.8-hotspot\bin\java.exe
0x00007ffdb0bd0000 - 0x00007ffdb0de4000 	C:\WINDOWS\SYSTEM32\ntdll.dll
0x00007ffdaf490000 - 0x00007ffdaf554000 	C:\WINDOWS\System32\KERNEL32.DLL
0x00007ffdae1b0000 - 0x00007ffdae554000 	C:\WINDOWS\System32\KERNELBASE.dll
0x00007ffdae7c0000 - 0x00007ffdae8d1000 	C:\WINDOWS\System32\ucrtbase.dll
0x00007ffd9c260000 - 0x00007ffd9c277000 	C:\Program Files\Microsoft\jdk-11.0.20.8-hotspot\bin\jli.dll
0x00007ffd9b4e0000 - 0x00007ffd9b4f5000 	C:\Program Files\Microsoft\jdk-11.0.20.8-hotspot\bin\VCRUNTIME140.dll
0x00007ffdaf030000 - 0x00007ffdaf1de000 	C:\WINDOWS\System32\USER32.dll
0x00007ffdae790000 - 0x00007ffdae7b6000 	C:\WINDOWS\System32\win32u.dll
0x00007ffd94560000 - 0x00007ffd947f3000 	C:\WINDOWS\WinSxS\amd64_microsoft.windows.common-controls_6595b64144ccf1df_6.0.22621.2215_none_270d72677387dfc3\COMCTL32.dll
0x00007ffdb0a80000 - 0x00007ffdb0aa9000 	C:\WINDOWS\System32\GDI32.dll
0x00007ffdae960000 - 0x00007ffdaea07000 	C:\WINDOWS\System32\msvcrt.dll
0x00007ffdae670000 - 0x00007ffdae788000 	C:\WINDOWS\System32\gdi32full.dll
0x00007ffdae5d0000 - 0x00007ffdae66a000 	C:\WINDOWS\System32\msvcp_win.dll
0x00007ffdb0150000 - 0x00007ffdb0181000 	C:\WINDOWS\System32\IMM32.DLL
0x00007ffd9b440000 - 0x00007ffd9b4db000 	C:\Program Files\Microsoft\jdk-11.0.20.8-hotspot\bin\msvcp140.dll
0x00007ffd24eb0000 - 0x00007ffd25a46000 	C:\Program Files\Microsoft\jdk-11.0.20.8-hotspot\bin\server\jvm.dll
0x00007ffdaebb0000 - 0x00007ffdaec60000 	C:\WINDOWS\System32\ADVAPI32.dll
0x00007ffdb0620000 - 0x00007ffdb06c6000 	C:\WINDOWS\System32\sechost.dll
0x00007ffdb0030000 - 0x00007ffdb0147000 	C:\WINDOWS\System32\RPCRT4.dll
0x00007ffdb0a70000 - 0x00007ffdb0a78000 	C:\WINDOWS\System32\PSAPI.DLL
0x00007ffda5d00000 - 0x00007ffda5d34000 	C:\WINDOWS\SYSTEM32\WINMM.dll
0x00007ffda7b30000 - 0x00007ffda7b39000 	C:\WINDOWS\SYSTEM32\WSOCK32.dll
0x00007ffdaf680000 - 0x00007ffdaf6f1000 	C:\WINDOWS\System32\WS2_32.dll
0x00007ffda5ae0000 - 0x00007ffda5aea000 	C:\WINDOWS\SYSTEM32\VERSION.dll
0x00007ffdad010000 - 0x00007ffdad028000 	C:\WINDOWS\SYSTEM32\kernel.appcore.dll
0x00007ffda7b40000 - 0x00007ffda7b50000 	C:\Program Files\Microsoft\jdk-11.0.20.8-hotspot\bin\verify.dll
0x00007ffdab830000 - 0x00007ffdaba5e000 	C:\WINDOWS\SYSTEM32\DBGHELP.DLL
0x00007ffdb06d0000 - 0x00007ffdb0a5a000 	C:\WINDOWS\System32\combase.dll
0x00007ffdb0ab0000 - 0x00007ffdb0b87000 	C:\WINDOWS\System32\OLEAUT32.dll
0x00007ffd8ace0000 - 0x00007ffd8ad12000 	C:\WINDOWS\SYSTEM32\dbgcore.DLL
0x00007ffdae8e0000 - 0x00007ffdae95a000 	C:\WINDOWS\System32\bcryptPrimitives.dll
0x00007ffd9b410000 - 0x00007ffd9b438000 	C:\Program Files\Microsoft\jdk-11.0.20.8-hotspot\bin\java.dll
0x00007ffd9d7d0000 - 0x00007ffd9d7da000 	C:\Program Files\Microsoft\jdk-11.0.20.8-hotspot\bin\jimage.dll
0x00007ffd9b3f0000 - 0x00007ffd9b408000 	C:\Program Files\Microsoft\jdk-11.0.20.8-hotspot\bin\zip.dll

dbghelp: loaded successfully - version: 4.0.5 - missing functions: none
symbol engine: initialized successfully - sym options: 0x614 - pdb path: .;C:\Program Files\Microsoft\jdk-11.0.20.8-hotspot\bin;C:\WINDOWS\SYSTEM32;C:\WINDOWS\WinSxS\amd64_microsoft.windows.common-controls_6595b64144ccf1df_6.0.22621.2215_none_270d72677387dfc3;C:\Program Files\Microsoft\jdk-11.0.20.8-hotspot\bin\server

VM Arguments:
jvm_args: -Xmx64m -Xms64m -Dorg.gradle.appname=gradlew 
java_command: org.gradle.wrapper.GradleWrapperMain tasks
java_class_path (initial): C:\Users\anand\firstproject\android\\gradle\wrapper\gradle-wrapper.jar
Launcher Type: SUN_STANDARD

[Global flags]
     uint G1ConcRefinementThreads                  = 8                                         {product} {ergonomic}
    uintx GCDrainStackTargetSize                   = 64                                        {product} {ergonomic}
   size_t InitialHeapSize                          = 67108864                                  {product} {command line}
   size_t MaxHeapSize                              = 67108864                                  {product} {command line}
    uintx ReservedCodeCacheSize                    = 251658240                              {pd product} {ergonomic}
     bool SegmentedCodeCache                       = true                                      {product} {ergonomic}
     bool UseCompressedClassPointers               = true                                 {lp64_product} {ergonomic}
     bool UseCompressedOops                        = true                                 {lp64_product} {ergonomic}
     bool UseG1GC                                  = true                                      {product} {ergonomic}
     bool UseLargePagesIndividualAllocation        = false                                  {pd product} {ergonomic}

Logging:
Log output configuration:
 #0: stdout all=warning uptime,level,tags
 #1: stderr all=off uptime,level,tags

Environment Variables:
JAVA_HOME=C:\Program Files\Microsoft\jdk-11.0.20.8-hotspot\
CLASSPATH=C:\Users\anand\firstproject\android\\gradle\wrapper\gradle-wrapper.jar
PATH=C:\Users\anand\firstproject\node_modules\.bin;C:\Users\anand\firstproject\node_modules\.bin;C:\Users\anand\node_modules\.bin;C:\Users\node_modules\.bin;C:\node_modules\.bin;C:\Program Files\nodejs\node_modules\npm\node_modules\@npmcli\run-script\lib\node-gyp-bin;C:\Users\anand\firstproject\node_modules\.bin;C:\Users\anand\firstproject\node_modules\.bin;C:\Users\anand\node_modules\.bin;C:\Users\node_modules\.bin;C:\node_modules\.bin;C:\Program Files\nodejs\node_modules\npm\node_modules\@npmcli\run-script\lib\node-gyp-bin;C:\Program Files\Microsoft\jdk-11.0.20.8-hotspot\bin;C:\Python311\Scripts\;C:\Python311\;C:\WINDOWS\system32;C:\WINDOWS;C:\WINDOWS\System32\Wbem;C:\WINDOWS\System32\WindowsPowerShell\v1.0\;C:\WINDOWS\System32\OpenSSH\;C:\MinGW\bin;C:\Program Files\dotnet\;C:\ProgramData\chocolatey\bin;C:\Program Files\Git\cmd;C:\Users\anand\AppData\Local\Android\Sdk\platform-tools;C:\Program Files\nodejs\;C:\Users\anand\AppData\Local\Android\Sdk\tools;C:\Users\anand\AppData\Local\Programs\Python\Python310\Scripts\;C:\Users\anand\AppData\Local\Programs\Python\Python310\;C:\Users\anand\AppData\Local\Microsoft\WindowsApps;C:\Users\anand\AppData\Local\Programs\Microsoft VS Code\bin;C:\Program Files\JetBrains\IntelliJ IDEA Community Edition 2023.1.1\bin;;C:\Users\anand\AppData\Local\GitHubDesktop\bin;C:\Users\anand\AppData\Roaming\npm
USERNAME=anand
OS=Windows_NT
PROCESSOR_IDENTIFIER=Intel64 Family 6 Model 140 Stepping 2, GenuineIntel
TMP=C:\Users\anand\AppData\Local\Temp
TEMP=C:\Users\anand\AppData\Local\Temp



---------------  S Y S T E M  ---------------

OS: Windows 11 , 64 bit Build 22621 (10.0.22621.2215)
OS uptime: 1 days 0:22 hours

CPU:total 8 (initial active 8) 

Memory: 4k page, system-wide physical 7834M (514M free)
TotalPageFile size 14029M (AvailPageFile size 1870M)
current process WorkingSet (physical memory assigned to process): 9M, peak: 9M
current process commit charge ("private bytes"): 3M, peak: 3M

vm_info: OpenJDK 64-Bit Server VM (11.0.20+8-LTS) for windows-amd64 JRE (11.0.20+8-LTS), built on Jul  7 2023 17:05:21 by "MicrosoftCorporation" with MS VC++ 15.9 (VS2017)

END.
