#
# A fatal error has been detected by the Java Runtime Environment:
#
#  EXCEPTION_ACCESS_VIOLATION (0xc0000005) at pc=0x00007ffd270c8c13, pid=608, tid=15256
#
# JRE version:  (11.0.20+8) (build )
# Java VM: OpenJDK 64-Bit Server VM (11.0.20+8-LTS, mixed mode, sharing, tiered, compressed oops, g1 gc, windows-amd64)
# Problematic frame:
# V  [jvm.dll+0x1d8c13]
#
# No core dump will be written. Minidumps are not enabled by default on client versions of Windows
#
#

---------------  S U M M A R Y ------------

Command Line: -Xmx64m -Xms64m -Dorg.gradle.appname=gradlew org.gradle.wrapper.GradleWrapperMain tasks

Host: 11th Gen Intel(R) Core(TM) i5-1155G7 @ 2.50GHz, 8 cores, 7G,  Windows 11 , 64 bit Build 22621 (10.0.22621.2215)
Time: Fri Sep 15 15:12:31 2023 India Standard Time elapsed time: 0.010755 seconds (0d 0h 0m 0s)

---------------  T H R E A D  ---------------

Current thread (0x000001dd1738c000):  JavaThread "Unknown thread" [_thread_in_vm, id=15256, stack(0x000000d611300000,0x000000d611400000)]

Stack: [0x000000d611300000,0x000000d611400000],  sp=0x000000d6113fed70,  free space=1019k
Native frames: (J=compiled Java code, j=interpreted, Vv=VM code, C=native code)
V  [jvm.dll+0x1d8c13]
V  [jvm.dll+0x1d6d63]
V  [jvm.dll+0x36585b]
V  [jvm.dll+0x779130]
V  [jvm.dll+0x3d4c1f]
V  [jvm.dll+0x3d6fb1]
C  [jli.dll+0x5227]
C  [ucrtbase.dll+0x29363]
C  [KERNEL32.DLL+0x1257d]
C  [ntdll.dll+0x5aa68]


siginfo: EXCEPTION_ACCESS_VIOLATION (0xc0000005), reading address 0x0000000000000000


Registers:
RAX=0x0000fc76e62b049f, RBX=0x0000000000000000, RCX=0x0000000000000000, RDX=0x0000000000000000
RSP=0x000000d6113fed70, RBP=0x0000000000000000, RSI=0x000001dd1738c000, RDI=0x0000000000000000
R8 =0x0000000000000000, R9 =0x0000000000000000, R10=0x0000000000000000, R11=0x000000d6113feb30
R12=0x0000000000000000, R13=0x00007ffd274c85c0, R14=0x000001dd17251008, R15=0x000000d6113ffab8
RIP=0x00007ffd270c8c13, EFLAGS=0x0000000000010256

Top of Stack: (sp=0x000000d6113fed70)
0x000000d6113fed70:   000001dd1725e260 00007ffd271c3258
0x000000d6113fed80:   000000d6113ffab8 0000000000000400
0x000000d6113fed90:   0000000000000000 000001dd1738c000
0x000000d6113feda0:   000084574553afb2 00007ffd274c85c0
0x000000d6113fedb0:   000000d6113fee90 000001dd17251008
0x000000d6113fedc0:   00007ffd274c85c0 0000000000000000
0x000000d6113fedd0:   000000d6113ffab8 0000000000000000
0x000000d6113fede0:   00007ffda5e70000 00007ffd2779a3d8
0x000000d6113fedf0:   00007ffd270c6c0a 00007ffdae20197c
0x000000d6113fee00:   000000d6113fee90 0000000000000001
0x000000d6113fee10:   0000fc76e62b049f 000001dd17251008
0x000000d6113fee20:   00007ffd00000000 00007ffd274c85c0
0x000000d6113fee30:   000001dd1738c000 000000d6113fef50
0x000000d6113fee40:   0000000000000000 00007ffd270c6d63
0x000000d6113fee50:   00007ffda5ef0000 00007ffda5e7d0e0
0x000000d6113fee60:   000000d6113fef50 000001dd1738c000 

Instructions: (pc=0x00007ffd270c8c13)
0x00007ffd270c8b13:   f0 ff 15 86 9d 61 00 48 8b cb 41 b1 01 48 2b 8c
0x00007ffd270c8b23:   24 90 00 00 00 45 33 c0 33 d2 c6 04 31 00 48 8b
0x00007ffd270c8b33:   ce e8 b7 0b 00 00 42 80 3c 33 3b 4a 8d 3c 33 75
0x00007ffd270c8b43:   1c 0f 1f 40 00 0f 1f 84 00 00 00 00 00 48 ff c3
0x00007ffd270c8b53:   ff c5 42 80 3c 33 3b 4a 8d 3c 33 74 f0 49 83 3c
0x00007ffd270c8b63:   24 00 74 18 48 8b 94 24 98 00 00 00 49 8b cf e8
0x00007ffd270c8b73:   19 a3 ee ff 49 8b cc e8 81 a2 ee ff 48 8b 44 24
0x00007ffd270c8b83:   20 48 8d 4c 24 30 49 89 47 18 48 8b 44 24 28 49
0x00007ffd270c8b93:   89 47 20 4d 89 67 10 e8 f1 b0 0f 00 44 8b ed 48
0x00007ffd270c8ba3:   89 9c 24 90 00 00 00 48 3b 5c 24 38 0f 8c cd fe
0x00007ffd270c8bb3:   ff ff 4c 8b 7c 24 40 4c 8b 64 24 48 48 8b 7c 24
0x00007ffd270c8bc3:   50 48 8b 74 24 58 48 8b 9c 24 80 00 00 00 48 83
0x00007ffd270c8bd3:   c4 60 41 5e 41 5d 5d c3 cc cc cc cc cc 40 53 55
0x00007ffd270c8be3:   56 41 55 48 81 ec b8 00 00 00 48 8b 05 14 25 8b
0x00007ffd270c8bf3:   00 48 33 c4 48 89 84 24 a0 00 00 00 48 8b e9 48
0x00007ffd270c8c03:   c7 c3 ff ff ff ff 0f 1f 80 00 00 00 00 48 ff c3
0x00007ffd270c8c13:   80 3c 0b 00 75 f7 33 f6 c6 44 24 30 01 40 38 35
0x00007ffd270c8c23:   15 58 8e 00 74 17 40 38 35 81 bd 8d 00 75 0e 33
0x00007ffd270c8c33:   d2 48 8d 0d c5 15 6d 00 e8 90 93 1a 00 45 33 ed
0x00007ffd270c8c43:   85 db 0f 8e 11 02 00 00 48 89 bc 24 e8 00 00 00
0x00007ffd270c8c53:   48 8b fd 4c 89 a4 24 f0 00 00 00 48 63 c3 33 db
0x00007ffd270c8c63:   4c 89 b4 24 f8 00 00 00 4c 89 bc 24 b0 00 00 00
0x00007ffd270c8c73:   48 89 44 24 68 48 89 74 24 40 0f 1f 00 0f b6 07
0x00007ffd270c8c83:   84 c0 74 12 3c 3b 74 0e 0f b6 44 2b 01 48 ff c3
0x00007ffd270c8c93:   ff c6 84 c0 75 ee 48 8d 54 24 38 48 c7 44 24 38
0x00007ffd270c8ca3:   00 00 00 00 48 8d 4c 24 60 e8 5f af 0f 00 48 8b
0x00007ffd270c8cb3:   44 24 38 33 d2 4c 8b b0 78 02 00 00 49 8b 46 18
0x00007ffd270c8cc3:   4d 8b 66 10 48 89 44 24 50 49 8b 46 20 48 89 44
0x00007ffd270c8cd3:   24 58 49 8b 46 28 48 89 44 24 48 8b c6 41 2b c5
0x00007ffd270c8ce3:   48 63 f8 48 8d 4f 01 e8 71 40 4b 00 49 63 d5 4c
0x00007ffd270c8cf3:   8b c7 48 03 d5 48 8b c8 4c 8b f8 ff 15 9c 9b 61
0x00007ffd270c8d03:   00 48 8b cb 48 2b 4c 24 40 80 7c 24 30 00 42 c6 



---------------  P R O C E S S  ---------------

Threads class SMR info:
_java_thread_list=0x000001dd17250bd0, length=0, elements={
}

Java Threads: ( => current thread )

Other Threads:

=>0x000001dd1738c000 (exited) JavaThread "Unknown thread" [_thread_in_vm, id=15256, stack(0x000000d611300000,0x000000d611400000)]

Threads with active compile tasks:

VM state:not at safepoint (not fully initialized)

VM Mutex/Monitor currently owned by a thread: None


[error occurred during error reporting (printing compressed oops mode), id 0xc0000005, EXCEPTION_ACCESS_VIOLATION (0xc0000005) at pc=0x00007ffd276870c7]

Deoptimization events (0 events):
No events

Classes redefined (0 events):
No events

Internal exceptions (0 events):
No events

Events (1 events):
Event: 0.007 Loaded shared library C:\Program Files\Microsoft\jdk-11.0.20.8-hotspot\bin\zip.dll


Dynamic libraries:
0x00007ff6f7fc0000 - 0x00007ff6f7fcd000 	C:\Program Files\Microsoft\jdk-11.0.20.8-hotspot\bin\java.exe
0x00007ffdb0bd0000 - 0x00007ffdb0de4000 	C:\WINDOWS\SYSTEM32\ntdll.dll
0x00007ffdaf490000 - 0x00007ffdaf554000 	C:\WINDOWS\System32\KERNEL32.DLL
0x00007ffdae1b0000 - 0x00007ffdae554000 	C:\WINDOWS\System32\KERNELBASE.dll
0x00007ffdae7c0000 - 0x00007ffdae8d1000 	C:\WINDOWS\System32\ucrtbase.dll
0x00007ffda5f30000 - 0x00007ffda5f47000 	C:\Program Files\Microsoft\jdk-11.0.20.8-hotspot\bin\jli.dll
0x00007ffda5f10000 - 0x00007ffda5f25000 	C:\Program Files\Microsoft\jdk-11.0.20.8-hotspot\bin\VCRUNTIME140.dll
0x00007ffdaf030000 - 0x00007ffdaf1de000 	C:\WINDOWS\System32\USER32.dll
0x00007ffdae790000 - 0x00007ffdae7b6000 	C:\WINDOWS\System32\win32u.dll
0x00007ffd94560000 - 0x00007ffd947f3000 	C:\WINDOWS\WinSxS\amd64_microsoft.windows.common-controls_6595b64144ccf1df_6.0.22621.2215_none_270d72677387dfc3\COMCTL32.dll
0x00007ffdb0a80000 - 0x00007ffdb0aa9000 	C:\WINDOWS\System32\GDI32.dll
0x00007ffdae960000 - 0x00007ffdaea07000 	C:\WINDOWS\System32\msvcrt.dll
0x00007ffdae670000 - 0x00007ffdae788000 	C:\WINDOWS\System32\gdi32full.dll
0x00007ffdae5d0000 - 0x00007ffdae66a000 	C:\WINDOWS\System32\msvcp_win.dll
0x00007ffdb0150000 - 0x00007ffdb0181000 	C:\WINDOWS\System32\IMM32.DLL
0x00007ffd9b460000 - 0x00007ffd9b4fb000 	C:\Program Files\Microsoft\jdk-11.0.20.8-hotspot\bin\msvcp140.dll
0x00007ffd26ef0000 - 0x00007ffd27a86000 	C:\Program Files\Microsoft\jdk-11.0.20.8-hotspot\bin\server\jvm.dll
0x00007ffdaebb0000 - 0x00007ffdaec60000 	C:\WINDOWS\System32\ADVAPI32.dll
0x00007ffdb0620000 - 0x00007ffdb06c6000 	C:\WINDOWS\System32\sechost.dll
0x00007ffdb0030000 - 0x00007ffdb0147000 	C:\WINDOWS\System32\RPCRT4.dll
0x00007ffdb0a70000 - 0x00007ffdb0a78000 	C:\WINDOWS\System32\PSAPI.DLL
0x00007ffda5ae0000 - 0x00007ffda5aea000 	C:\WINDOWS\SYSTEM32\VERSION.dll
0x00007ffda5d00000 - 0x00007ffda5d34000 	C:\WINDOWS\SYSTEM32\WINMM.dll
0x00007ffda7b30000 - 0x00007ffda7b39000 	C:\WINDOWS\SYSTEM32\WSOCK32.dll
0x00007ffdaf680000 - 0x00007ffdaf6f1000 	C:\WINDOWS\System32\WS2_32.dll
0x00007ffdad010000 - 0x00007ffdad028000 	C:\WINDOWS\SYSTEM32\kernel.appcore.dll
0x00007ffda7fc0000 - 0x00007ffda7fd0000 	C:\Program Files\Microsoft\jdk-11.0.20.8-hotspot\bin\verify.dll
0x00007ffdab830000 - 0x00007ffdaba5e000 	C:\WINDOWS\SYSTEM32\DBGHELP.DLL
0x00007ffdb06d0000 - 0x00007ffdb0a5a000 	C:\WINDOWS\System32\combase.dll
0x00007ffdb0ab0000 - 0x00007ffdb0b87000 	C:\WINDOWS\System32\OLEAUT32.dll
0x00007ffd8ace0000 - 0x00007ffd8ad12000 	C:\WINDOWS\SYSTEM32\dbgcore.DLL
0x00007ffdae8e0000 - 0x00007ffdae95a000 	C:\WINDOWS\System32\bcryptPrimitives.dll
0x00007ffda5e70000 - 0x00007ffda5e98000 	C:\Program Files\Microsoft\jdk-11.0.20.8-hotspot\bin\java.dll
0x00007ffda7b40000 - 0x00007ffda7b4a000 	C:\Program Files\Microsoft\jdk-11.0.20.8-hotspot\bin\jimage.dll
0x00007ffda5ef0000 - 0x00007ffda5f08000 	C:\Program Files\Microsoft\jdk-11.0.20.8-hotspot\bin\zip.dll

dbghelp: loaded successfully - version: 4.0.5 - missing functions: none
symbol engine: initialized successfully - sym options: 0x614 - pdb path: .;C:\Program Files\Microsoft\jdk-11.0.20.8-hotspot\bin;C:\WINDOWS\SYSTEM32;C:\WINDOWS\WinSxS\amd64_microsoft.windows.common-controls_6595b64144ccf1df_6.0.22621.2215_none_270d72677387dfc3;C:\Program Files\Microsoft\jdk-11.0.20.8-hotspot\bin\server

VM Arguments:
jvm_args: -Xmx64m -Xms64m -Dorg.gradle.appname=gradlew 
java_command: org.gradle.wrapper.GradleWrapperMain tasks
java_class_path (initial): C:\Users\anand\firstproject\android\\gradle\wrapper\gradle-wrapper.jar
Launcher Type: SUN_STANDARD

[Global flags]
     uint G1ConcRefinementThreads                  = 8                                         {product} {ergonomic}
    uintx GCDrainStackTargetSize                   = 64                                        {product} {ergonomic}
   size_t InitialHeapSize                          = 67108864                                  {product} {command line}
   size_t MaxHeapSize                              = 67108864                                  {product} {command line}
    uintx ReservedCodeCacheSize                    = 251658240                              {pd product} {ergonomic}
     bool SegmentedCodeCache                       = true                                      {product} {ergonomic}
     bool UseCompressedClassPointers               = true                                 {lp64_product} {ergonomic}
     bool UseCompressedOops                        = true                                 {lp64_product} {ergonomic}
     bool UseG1GC                                  = true                                      {product} {ergonomic}
     bool UseLargePagesIndividualAllocation        = false                                  {pd product} {ergonomic}

Logging:
Log output configuration:
 #0: stdout all=warning uptime,level,tags
 #1: stderr all=off uptime,level,tags

Environment Variables:
JAVA_HOME=C:\Program Files\Microsoft\jdk-11.0.20.8-hotspot\
CLASSPATH=C:\Users\anand\firstproject\android\\gradle\wrapper\gradle-wrapper.jar
PATH=C:\Users\anand\firstproject\node_modules\.bin;C:\Users\anand\firstproject\node_modules\.bin;C:\Users\anand\node_modules\.bin;C:\Users\node_modules\.bin;C:\node_modules\.bin;C:\Program Files\nodejs\node_modules\npm\node_modules\@npmcli\run-script\lib\node-gyp-bin;C:\Users\anand\firstproject\node_modules\.bin;C:\Users\anand\node_modules\.bin;C:\Users\node_modules\.bin;C:\node_modules\.bin;C:\Program Files\nodejs\node_modules\npm\node_modules\@npmcli\run-script\lib\node-gyp-bin;C:\Program Files\Microsoft\jdk-11.0.20.8-hotspot\bin;C:\Python311\Scripts\;C:\Python311\;C:\WINDOWS\system32;C:\WINDOWS;C:\WINDOWS\System32\Wbem;C:\WINDOWS\System32\WindowsPowerShell\v1.0\;C:\WINDOWS\System32\OpenSSH\;C:\MinGW\bin;C:\Program Files\dotnet\;C:\ProgramData\chocolatey\bin;C:\Program Files\Git\cmd;C:\Users\anand\AppData\Local\Android\Sdk\platform-tools;C:\Program Files\nodejs\;C:\Users\anand\AppData\Local\Android\Sdk\tools;C:\Users\anand\AppData\Local\Programs\Python\Python310\Scripts\;C:\Users\anand\AppData\Local\Programs\Python\Python310\;C:\Users\anand\AppData\Local\Microsoft\WindowsApps;C:\Users\anand\AppData\Local\Programs\Microsoft VS Code\bin;C:\Program Files\JetBrains\IntelliJ IDEA Community Edition 2023.1.1\bin;;C:\Users\anand\AppData\Local\GitHubDesktop\bin;C:\Users\anand\AppData\Roaming\npm
USERNAME=anand
LANG=en_US.UTF-8
OS=Windows_NT
PROCESSOR_IDENTIFIER=Intel64 Family 6 Model 140 Stepping 2, GenuineIntel
TMP=C:\Users\anand\AppData\Local\Temp
TEMP=C:\Users\anand\AppData\Local\Temp



---------------  S Y S T E M  ---------------

OS: Windows 11 , 64 bit Build 22621 (10.0.22621.2215)
OS uptime: 1 days 0:24 hours

CPU:total 8 (initial active 8) 

Memory: 4k page, system-wide physical 7834M (757M free)
TotalPageFile size 14029M (AvailPageFile size 1736M)
current process WorkingSet (physical memory assigned to process): 9M, peak: 9M
current process commit charge ("private bytes"): 3M, peak: 3M

vm_info: OpenJDK 64-Bit Server VM (11.0.20+8-LTS) for windows-amd64 JRE (11.0.20+8-LTS), built on Jul  7 2023 17:05:21 by "MicrosoftCorporation" with MS VC++ 15.9 (VS2017)

END.
